<?xml version="1.0" encoding="UTF-8"?>
<testng-results ignored="0" total="1" passed="1" failed="0" skipped="0">
  <reporter-output>
  </reporter-output>
  <suite started-at="2026-01-18T13:23:23 IST" name="Master" finished-at="2026-01-18T13:24:40 IST" duration-ms="76736">
    <groups>
      <group name="Master">
        <method signature="TC_001_Register.register()[pri:0, instance:Testcases.TC_001_Register@2e4b8173]" name="register" class="Testcases.TC_001_Register"/>
      </group> <!-- Master -->
      <group name="Regression">
        <method signature="TC_001_Register.register()[pri:0, instance:Testcases.TC_001_Register@2e4b8173]" name="register" class="Testcases.TC_001_Register"/>
      </group> <!-- Regression -->
    </groups>
    <test started-at="2026-01-18T13:23:23 IST" name="Test" finished-at="2026-01-18T13:24:40 IST" duration-ms="76736">
      <class name="Testcases.TC_001_Register">
        <test-method is-config="true" signature="setup(java.lang.String,java.lang.String)[pri:0, instance:Testcases.TC_001_Register@2e4b8173]" started-at="2026-01-18T13:23:24 IST" name="setup" finished-at="2026-01-18T13:24:28 IST" duration-ms="63250" status="PASS">
          <params>
            <param index="0">
              <value>
                <![CDATA[windows]]>
              </value>
            </param>
            <param index="1">
              <value>
                <![CDATA[chrome]]>
              </value>
            </param>
          </params>
          <reporter-output>
          </reporter-output>
        </test-method> <!-- setup -->
        <test-method signature="register()[pri:0, instance:Testcases.TC_001_Register@2e4b8173]" started-at="2026-01-18T13:24:28 IST" name="register" finished-at="2026-01-18T13:24:40 IST" duration-ms="11521" status="PASS">
          <reporter-output>
          </reporter-output>
        </test-method> <!-- register -->
      </class> <!-- Testcases.TC_001_Register -->
    </test> <!-- Test -->
  </suite> <!-- Master -->
</testng-results>
