<?xml version="1.0" encoding="UTF-8"?>
<testsuite xmlns:xsi="http://www.w3.org/2001/XMLSchema-instance" xsi:noNamespaceSchemaLocation="https://maven.apache.org/surefire/maven-surefire-plugin/xsd/surefire-test-report.xsd" version="3.0.2" name="TestSuite" time="84.916" tests="1" errors="0" skipped="0" failures="0">
  <properties>
[...]
</properties>
  <testcase name="register" classname="Testcases.TC_001_Register" time="11.95">
    <system-out><![CDATA[DEBUG StatusConsoleListener Apache Log4j Core 2.20 initializing configuration XmlConfiguration[location=C:\Users\a\eclipse-workspace\Project_Opencart\target\test-classes\log4j2.xml]
DEBUG StatusConsoleListener PluginManager 'Core' found 130 plugins
DEBUG StatusConsoleListener PluginManager 'Level' found 0 plugins
DEBUG StatusConsoleListener Building Plugin[name=property, class=org.apache.logging.log4j.core.config.Property].
DEBUG StatusConsoleListener PluginManager 'TypeConverter' found 26 plugins
DEBUG StatusConsoleListener createProperty(name="log-path", value="./logs", Configuration(C:\Users\a\eclipse-workspace\Project_Opencart\target\test-classes\log4j2.xml))
DEBUG StatusConsoleListener Building Plugin[name=property, class=org.apache.logging.log4j.core.config.Property].
DEBUG StatusConsoleListener createProperty(name="log-pattern", value="%d{yyyy-MM-dd HH:mm:ss} %-5p %c{1}:%L - %m%n", Configuration(C:\Users\a\eclipse-workspace\Project_Opencart\target\test-classes\log4j2.xml))
DEBUG StatusConsoleListener Building Plugin[name=properties, class=org.apache.logging.log4j.core.config.PropertiesPlugin].
DEBUG StatusConsoleListener configureSubstitutor(={log-path=./logs, log-pattern=%d{yyyy-MM-dd HH:mm:ss} %-5p %c{1}:%L - %m%n}, Configuration(C:\Users\a\eclipse-workspace\Project_Opencart\target\test-classes\log4j2.xml))
DEBUG StatusConsoleListener PluginManager 'Lookup' found 16 plugins
DEBUG StatusConsoleListener Building Plugin[name=layout, class=org.apache.logging.log4j.core.layout.PatternLayout].
DEBUG StatusConsoleListener PatternLayout$Builder(pattern="%d{yyyy-MM-dd HH:mm:ss} %-5p %c{1}:%L - %m%n", PatternSelector=null, Configuration(C:\Users\a\eclipse-workspace\Project_Opencart\target\test-classes\log4j2.xml), Replace=null, charset="null", alwaysWriteExceptions="null", disableAnsi="null", noConsoleNoAnsi="null", header="null", footer="null")
DEBUG StatusConsoleListener PluginManager 'Converter' found 45 plugins
DEBUG StatusConsoleListener Building Plugin[name=appender, class=org.apache.logging.log4j.core.appender.ConsoleAppender].
DEBUG StatusConsoleListener ConsoleAppender$Builder(target="SYSTEM_OUT", follow="null", direct="null", bufferedIo="null", bufferSize="null", immediateFlush="null", ignoreExceptions="null", PatternLayout(%d{yyyy-MM-dd HH:mm:ss} %-5p %c{1}:%L - %m%n), name="Console", Configuration(C:\Users\a\eclipse-workspace\Project_Opencart\target\test-classes\log4j2.xml), Filter=null, ={})
DEBUG StatusConsoleListener Starting OutputStreamManager SYSTEM_OUT.false.false
DEBUG StatusConsoleListener Building Plugin[name=layout, class=org.apache.logging.log4j.core.layout.PatternLayout].
DEBUG StatusConsoleListener PatternLayout$Builder(pattern="%d{yyyy-MM-dd HH:mm:ss} %-5p %c{1}:%L - %m%n", PatternSelector=null, Configuration(C:\Users\a\eclipse-workspace\Project_Opencart\target\test-classes\log4j2.xml), Replace=null, charset="null", alwaysWriteExceptions="null", disableAnsi="null", noConsoleNoAnsi="null", header="null", footer="null")
DEBUG StatusConsoleListener Building Plugin[name=TimeBasedTriggeringPolicy, class=org.apache.logging.log4j.core.appender.rolling.TimeBasedTriggeringPolicy].
DEBUG StatusConsoleListener TimeBasedTriggeringPolicy$Builder(interval="null", modulate="null", maxRandomDelay="null")
DEBUG StatusConsoleListener Building Plugin[name=SizeBasedTriggeringPolicy, class=org.apache.logging.log4j.core.appender.rolling.SizeBasedTriggeringPolicy].
DEBUG StatusConsoleListener createPolicy(size="100MB")
DEBUG StatusConsoleListener Building Plugin[name=Policies, class=org.apache.logging.log4j.core.appender.rolling.CompositeTriggeringPolicy].
DEBUG StatusConsoleListener createPolicy(={TimeBasedTriggeringPolicy(nextRolloverMillis=0, interval=1, modulate=false), SizeBasedTriggeringPolicy(size=104857600)})
DEBUG StatusConsoleListener Building Plugin[name=DefaultRolloverStrategy, class=org.apache.logging.log4j.core.appender.rolling.DefaultRolloverStrategy].
DEBUG StatusConsoleListener DefaultRolloverStrategy$Builder(max="100", min="null", fileIndex="null", compressionLevel="null", ={}, stopCustomActionsOnError="null", tempCompressedFilePattern="null", Configuration(C:\Users\a\eclipse-workspace\Project_Opencart\target\test-classes\log4j2.xml))
DEBUG StatusConsoleListener Building Plugin[name=appender, class=org.apache.logging.log4j.core.appender.RollingFileAppender].
DEBUG StatusConsoleListener RollingFileAppender$Builder(fileName="./logs/automation.log", filePattern="./logs/automation-%d{MM-dd-yyyy}-%i.log.gz", append="null", locking="null", Policies(CompositeTriggeringPolicy(policies=[TimeBasedTriggeringPolicy(nextRolloverMillis=0, interval=1, modulate=false), SizeBasedTriggeringPolicy(size=104857600)])), DefaultRolloverStrategy(DefaultRolloverStrategy(min=1, max=100, useMax=true)), advertise="null", advertiseUri="null", createOnDemand="null", filePermissions="null", fileOwner="null", fileGroup="null", bufferedIo="null", bufferSize="null", immediateFlush="null", ignoreExceptions="null", PatternLayout(%d{yyyy-MM-dd HH:mm:ss} %-5p %c{1}:%L - %m%n), name="File", Configuration(C:\Users\a\eclipse-workspace\Project_Opencart\target\test-classes\log4j2.xml), Filter=null, ={})
DEBUG StatusConsoleListener Returning file creation time for C:\Users\a\eclipse-workspace\Project_Opencart\.\logs\automation.log
DEBUG StatusConsoleListener Starting RollingFileManager ./logs/automation.log
DEBUG StatusConsoleListener PluginManager 'FileConverter' found 2 plugins
DEBUG StatusConsoleListener Setting prev file time to 2026-01-09T11:45:25.876+0530
DEBUG StatusConsoleListener Initializing triggering policy CompositeTriggeringPolicy(policies=[TimeBasedTriggeringPolicy(nextRolloverMillis=0, interval=1, modulate=false), SizeBasedTriggeringPolicy(size=104857600)])
DEBUG StatusConsoleListener Initializing triggering policy TimeBasedTriggeringPolicy(nextRolloverMillis=0, interval=1, modulate=false)
DEBUG StatusConsoleListener Initializing triggering policy SizeBasedTriggeringPolicy(size=104857600)
DEBUG StatusConsoleListener Building Plugin[name=appenders, class=org.apache.logging.log4j.core.config.AppendersPlugin].
DEBUG StatusConsoleListener createAppenders(={Console, File})
DEBUG StatusConsoleListener Building Plugin[name=AppenderRef, class=org.apache.logging.log4j.core.config.AppenderRef].
DEBUG StatusConsoleListener createAppenderRef(ref="File", level="null", Filter=null)
DEBUG StatusConsoleListener Building Plugin[name=root, class=org.apache.logging.log4j.core.config.LoggerConfig$RootLogger].
DEBUG StatusConsoleListener LoggerConfig$RootLogger$Builder(additivity="null", level="DEBUG", levelAndRefs="null", includeLocation="null", ={File}, ={}, Configuration(C:\Users\a\eclipse-workspace\Project_Opencart\target\test-classes\log4j2.xml), Filter=null)
DEBUG StatusConsoleListener Building Plugin[name=loggers, class=org.apache.logging.log4j.core.config.LoggersPlugin].
DEBUG StatusConsoleListener createLoggers(={root})
DEBUG StatusConsoleListener Configuration XmlConfiguration[location=C:\Users\a\eclipse-workspace\Project_Opencart\target\test-classes\log4j2.xml] initialized
DEBUG StatusConsoleListener Starting configuration XmlConfiguration[location=C:\Users\a\eclipse-workspace\Project_Opencart\target\test-classes\log4j2.xml]
DEBUG StatusConsoleListener Started configuration XmlConfiguration[location=C:\Users\a\eclipse-workspace\Project_Opencart\target\test-classes\log4j2.xml] OK.
DEBUG StatusConsoleListener Shutting down OutputStreamManager SYSTEM_OUT.false.false-1
DEBUG StatusConsoleListener OutputStream closed
DEBUG StatusConsoleListener Shut down OutputStreamManager SYSTEM_OUT.false.false-1, all resources released: true
DEBUG StatusConsoleListener Appender DefaultConsole-1 stopped with status true
DEBUG StatusConsoleListener Stopped org.apache.logging.log4j.core.config.DefaultConfiguration@22bac7bc OK
DEBUG StatusConsoleListener Registering MBean org.apache.logging.log4j2:type=105be200
DEBUG StatusConsoleListener Registering MBean org.apache.logging.log4j2:type=105be200,component=StatusLogger
DEBUG StatusConsoleListener Registering MBean org.apache.logging.log4j2:type=105be200,component=ContextSelector
DEBUG StatusConsoleListener Registering MBean org.apache.logging.log4j2:type=105be200,component=Loggers,name=
DEBUG StatusConsoleListener Registering MBean org.apache.logging.log4j2:type=105be200,component=Appenders,name=Console
DEBUG StatusConsoleListener Registering MBean org.apache.logging.log4j2:type=105be200,component=Appenders,name=File
DEBUG StatusConsoleListener org.apache.logging.log4j.core.util.SystemClock supports precise timestamps.
DEBUG StatusConsoleListener Reconfiguration complete for context[name=105be200] at URI C:\Users\a\eclipse-workspace\Project_Opencart\target\test-classes\log4j2.xml (org.apache.logging.log4j.core.LoggerContext@1d9bec4d) with optional ClassLoader: null
DEBUG StatusConsoleListener Shutdown hook enabled. Registering a new one.
DEBUG StatusConsoleListener LoggerContext[name=105be200, org.apache.logging.log4j.core.LoggerContext@1d9bec4d] started OK.
]]></system-out>
    <system-err><![CDATA[SLF4J(W): No SLF4J providers were found.
SLF4J(W): Defaulting to no-operation (NOP) logger implementation
SLF4J(W): See https://www.slf4j.org/codes.html#noProviders for further details.
SLF4J(W): Class path contains SLF4J bindings targeting slf4j-api versions 1.7.x or earlier.
SLF4J(W): Ignoring binding found at [jar:file:/C:/Users/a/.m2/repository/org/apache/logging/log4j/log4j-slf4j-impl/2.25.1/log4j-slf4j-impl-2.25.1.jar!/org/slf4j/impl/StaticLoggerBinder.class]
SLF4J(W): See https://www.slf4j.org/codes.html#ignoredBindings for an explanation.
Jan 18, 2026 1:24:02 PM org.openqa.selenium.devtools.CdpVersionFinder findNearestMatch
WARNING: Unable to find an exact match for CDP version 143, returning the closest version; found: 139; Please update to a Selenium version that supports CDP version 143
]]></system-err>
  </testcase>
</testsuite>